<?xml version="1.0" encoding="UTF-8"?>
<testng-results skipped="0" failed="0" total="2" passed="2">
  <reporter-output>
  </reporter-output>
  <suite name="Demo Project Suite" duration-ms="140" started-at="2015-04-01T05:50:34Z" finished-at="2015-04-01T05:50:34Z">
    <groups>
    </groups>
    <test name="Test1" duration-ms="45" started-at="2015-04-01T05:50:34Z" finished-at="2015-04-01T05:50:34Z">
      <class name="Test1">
        <test-method status="PASS" signature="test1()[pri:0, instance:Test1@490d6c15]" name="test1" duration-ms="23" started-at="2015-04-01T11:20:34Z" finished-at="2015-04-01T11:20:34Z">
          <reporter-output>
          </reporter-output>
        </test-method> <!-- test1 -->
      </class> <!-- Test1 -->
    </test> <!-- Test1 -->
    <test name="Test2" duration-ms="3" started-at="2015-04-01T05:50:34Z" finished-at="2015-04-01T05:50:34Z">
      <class name="Test2">
        <test-method status="PASS" signature="test2()[pri:0, instance:Test2@224aed64]" name="test2" duration-ms="1" started-at="2015-04-01T11:20:34Z" finished-at="2015-04-01T11:20:34Z">
          <reporter-output>
          </reporter-output>
        </test-method> <!-- test2 -->
      </class> <!-- Test2 -->
    </test> <!-- Test2 -->
  </suite> <!-- Demo Project Suite -->
</testng-results>
